\BOOKMARK [0][-]{chapter.1}{\376\377\000I\000n\000t\000r\000o\000d\000u\000c\000t\000i\000o\000n}{}% 1
\BOOKMARK [1][-]{section.1.1}{\376\377\000U\000n\000p\000a\000c\000k\000i\000n\000g\000\040\000t\000h\000e\000\040\000H\000E\000R\000m\000i\000t\000i\000a\000n\000\040\000P\000a\000c\000k\000a\000g\000e}{chapter.1}% 2
\BOOKMARK [1][-]{section.1.2}{\376\377\000L\000o\000a\000d\000i\000n\000g\000\040\000t\000h\000e\000\040\000H\000E\000R\000m\000i\000t\000i\000a\000n\000\040\000P\000a\000c\000k\000a\000g\000e}{chapter.1}% 3
\BOOKMARK [1][-]{section.1.3}{\376\377\000T\000e\000s\000t\000i\000n\000g\000\040\000t\000h\000e\000\040\000H\000E\000R\000m\000i\000t\000i\000a\000n\000\040\000P\000a\000c\000k\000a\000g\000e}{chapter.1}% 4
\BOOKMARK [0][-]{chapter.2}{\376\377\000M\000a\000t\000h\000e\000m\000a\000t\000i\000c\000a\000l\000\040\000b\000a\000c\000k\000g\000r\000o\000u\000n\000d}{}% 5
\BOOKMARK [1][-]{section.2.1}{\376\377\000A\000l\000g\000e\000b\000r\000a\000i\000c\000\040\000c\000u\000r\000v\000e\000s\000,\000\040\000p\000l\000a\000c\000e\000s\000,\000\040\000d\000i\000v\000i\000s\000o\000r\000s}{chapter.2}% 6
\BOOKMARK [1][-]{section.2.2}{\376\377\000F\000u\000n\000c\000t\000i\000o\000n\000\040\000f\000i\000e\000l\000d\000s\000\040\000a\000n\000d\000\040\000R\000i\000e\000m\000a\000n\000n\000-\000R\000o\000c\000h\000\040\000s\000p\000a\000c\000e\000s}{chapter.2}% 7
\BOOKMARK [1][-]{section.2.3}{\376\377\000A\000u\000t\000o\000m\000o\000r\000p\000h\000i\000s\000m\000s\000\040\000o\000f\000\040\000a\000l\000g\000e\000b\000r\000a\000i\000c\000\040\000c\000u\000r\000v\000e\000s}{chapter.2}% 8
\BOOKMARK [1][-]{section.2.4}{\376\377\000A\000l\000g\000e\000b\000r\000a\000i\000c\000\040\000p\000l\000a\000n\000e\000\040\000c\000u\000r\000v\000e\000s\000\040\000o\000v\000e\000r\000\040\000f\000i\000n\000i\000t\000e\000\040\000f\000i\000e\000l\000d\000s}{chapter.2}% 9
\BOOKMARK [1][-]{section.2.5}{\376\377\000A\000l\000g\000e\000b\000r\000a\000i\000c\000-\000g\000e\000o\000m\000e\000t\000r\000y\000\040\000c\000o\000d\000e\000s}{chapter.2}% 10
\BOOKMARK [1][-]{section.2.6}{\376\377\000H\000e\000r\000m\000i\000t\000i\000a\000n\000\040\000c\000u\000r\000v\000e\000s\000\040\000o\000v\000e\000r\000\040\000f\000i\000n\000i\000t\000e\000\040\000f\000i\000e\000l\000d\000s}{chapter.2}% 11
\BOOKMARK [0][-]{chapter.3}{\376\377\000H\000o\000w\000\040\000t\000o\000\040\000u\000s\000e\000\040\000t\000h\000e\000\040\000p\000a\000c\000k\000a\000g\000e}{}% 12
\BOOKMARK [1][-]{section.3.1}{\376\377\000H\000e\000r\000m\000i\000t\000i\000a\000n\000\040\000c\000u\000r\000v\000e\000s}{chapter.3}% 13
\BOOKMARK [1][-]{section.3.2}{\376\377\000A\000u\000t\000o\000m\000o\000r\000p\000h\000i\000s\000m\000s\000\040\000o\000f\000\040\000H\000e\000r\000m\000i\000t\000i\000a\000n\000\040\000c\000u\000r\000v\000e\000s}{chapter.3}% 14
\BOOKMARK [1][-]{section.3.3}{\376\377\000H\000e\000r\000m\000i\000t\000i\000a\000n\000\040\000d\000i\000v\000i\000s\000o\000r\000s}{chapter.3}% 15
\BOOKMARK [1][-]{section.3.4}{\376\377\000H\000e\000r\000m\000i\000t\000i\000a\000n\000\040\000R\000i\000e\000m\000a\000n\000n\000-\000R\000o\000c\000h\000\040\000s\000p\000a\000c\000e\000s}{chapter.3}% 16
\BOOKMARK [1][-]{section.3.5}{\376\377\000H\000e\000r\000m\000i\000t\000i\000a\000n\000\040\000A\000G\000-\000c\000o\000d\000e\000s}{chapter.3}% 17
\BOOKMARK [1][-]{section.3.6}{\376\377\000U\000t\000i\000l\000i\000t\000i\000e\000s\000\040\000f\000o\000r\000\040\000H\000e\000r\000m\000i\000t\000i\000a\000n\000\040\000A\000G\000-\000c\000o\000d\000e\000s}{chapter.3}% 18
\BOOKMARK [0][-]{chapter.4}{\376\377\000A\000n\000\040\000e\000x\000a\000m\000p\000l\000e\000:\000\040\000P\000a\000r\000a\000m\000e\000t\000e\000r\000s\000\040\000o\000f\000\040\000s\000u\000b\000f\000i\000e\000l\000d\000\040\000s\000u\000b\000c\000o\000d\000e\000s\000\040\000o\000f\000\040\0001\000-\000p\000o\000i\000n\000t\000\040\000H\000e\000r\000m\000i\000t\000i\000a\000n\000\040\000c\000o\000d\000e\000s}{}% 19
\BOOKMARK [0][-]{chapter*.4}{\376\377\000R\000e\000f\000e\000r\000e\000n\000c\000e\000s}{}% 20
\BOOKMARK [0][-]{section*.5}{\376\377\000I\000n\000d\000e\000x}{}% 21
